# JRE version: OpenJDK Runtime Environment (11.0.6+10) (build 11.0.6+10)
# Java VM: OpenJDK 64-Bit Server VM (11.0.6+10, mixed mode, tiered, compressed oops, g1 gc, linux-amd64)
Heap:
 garbage-first heap   total 194560K, used 81792K [0x0000000084600000, 0x0000000100000000)
  region size 1024K, 69 young (70656K), 11 survivors (11264K)
 Metaspace       used 67522K, capacity 69497K, committed 69844K, reserved 1110016K
  class space    used 8574K, capacity 9413K, committed 9472K, reserved 1048576K
GC Heap History (18 events):
Event: 0,308 GC heap before
{Heap before GC invocations=0 (full 0):
 garbage-first heap   total 126976K, used 14336K [0x0000000084600000, 0x0000000100000000)
  region size 1024K, 14 young (14336K), 0 survivors (0K)
 Metaspace       used 9186K, capacity 9304K, committed 9600K, reserved 1058816K
  class space    used 834K, capacity 868K, committed 896K, reserved 1048576K
}
Event: 0,313 GC heap after
{Heap after GC invocations=1 (full 0):
 garbage-first heap   total 126976K, used 6267K [0x0000000084600000, 0x0000000100000000)
  region size 1024K, 2 young (2048K), 2 survivors (2048K)
 Metaspace       used 9186K, capacity 9304K, committed 9600K, reserved 1058816K
  class space    used 834K, capacity 868K, committed 896K, reserved 1048576K
}
Event: 0,455 GC heap before
{Heap before GC invocations=1 (full 0):
 garbage-first heap   total 126976K, used 17531K [0x0000000084600000, 0x0000000100000000)
  region size 1024K, 13 young (13312K), 2 survivors (2048K)
 Metaspace       used 13062K, capacity 13306K, committed 13440K, reserved 1060864K
  class space    used 1292K, capacity 1379K, committed 1408K, reserved 1048576K
}
Event: 0,462 GC heap after
{Heap after GC invocations=2 (full 0):
 garbage-first heap   total 126976K, used 6915K [0x0000000084600000, 0x0000000100000000)
  region size 1024K, 1 young (1024K), 1 survivors (1024K)
 Metaspace       used 13062K, capacity 13306K, committed 13440K, reserved 1060864K
  class space    used 1292K, capacity 1379K, committed 1408K, reserved 1048576K
}
Event: 0,653 GC heap before
{Heap before GC invocations=2 (full 0):
 garbage-first heap   total 126976K, used 37635K [0x0000000084600000, 0x0000000100000000)
  region size 1024K, 31 young (31744K), 1 survivors (1024K)
 Metaspace       used 18215K, capacity 18590K, committed 18944K, reserved 1067008K
  class space    used 2071K, capacity 2206K, committed 2304K, reserved 1048576K
}
Event: 0,656 GC heap after
{Heap after GC invocations=3 (full 0):
 garbage-first heap   total 126976K, used 8099K [0x0000000084600000, 0x0000000100000000)
  region size 1024K, 2 young (2048K), 2 survivors (2048K)
 Metaspace       used 18215K, capacity 18590K, committed 18944K, reserved 1067008K
  class space    used 2071K, capacity 2206K, committed 2304K, reserved 1048576K
}
Event: 0,744 GC heap before
{Heap before GC invocations=3 (full 0):
 garbage-first heap   total 126976K, used 20387K [0x0000000084600000, 0x0000000100000000)
  region size 1024K, 15 young (15360K), 2 survivors (2048K)
 Metaspace       used 20652K, capacity 21085K, committed 21296K, reserved 1069056K
  class space    used 2385K, capacity 2573K, committed 2688K, reserved 1048576K
}
Event: 0,746 GC heap after
{Heap after GC invocations=4 (full 0):
 garbage-first heap   total 126976K, used 8604K [0x0000000084600000, 0x0000000100000000)
  region size 1024K, 3 young (3072K), 3 survivors (3072K)
 Metaspace       used 20652K, capacity 21085K, committed 21296K, reserved 1069056K
  class space    used 2385K, capacity 2573K, committed 2688K, reserved 1048576K
}
Event: 0,929 GC heap before
{Heap before GC invocations=5 (full 0):
 garbage-first heap   total 126976K, used 50588K [0x0000000084600000, 0x0000000100000000)
  region size 1024K, 45 young (46080K), 3 survivors (3072K)
 Metaspace       used 25272K, capacity 25779K, committed 25904K, reserved 1073152K
  class space    used 2953K, capacity 3162K, committed 3200K, reserved 1048576K
}
Event: 0,935 GC heap after
{Heap after GC invocations=6 (full 0):
 garbage-first heap   total 152576K, used 9569K [0x0000000084600000, 0x0000000100000000)
  region size 1024K, 4 young (4096K), 4 survivors (4096K)
 Metaspace       used 25272K, capacity 25779K, committed 25904K, reserved 1073152K
  class space    used 2953K, capacity 3162K, committed 3200K, reserved 1048576K
}
Event: 1,762 GC heap before
{Heap before GC invocations=6 (full 0):
 garbage-first heap   total 152576K, used 95585K [0x0000000084600000, 0x0000000100000000)
  region size 1024K, 89 young (91136K), 4 survivors (4096K)
 Metaspace       used 32640K, capacity 33433K, committed 33584K, reserved 1079296K
  class space    used 3881K, capacity 4201K, committed 4224K, reserved 1048576K
}
Event: 1,771 GC heap after
{Heap after GC invocations=7 (full 0):
 garbage-first heap   total 152576K, used 12804K [0x0000000084600000, 0x0000000100000000)
  region size 1024K, 7 young (7168K), 7 survivors (7168K)
 Metaspace       used 32640K, capacity 33433K, committed 33584K, reserved 1079296K
  class space    used 3881K, capacity 4201K, committed 4224K, reserved 1048576K
}
Event: 1,949 GC heap before
{Heap before GC invocations=7 (full 0):
 garbage-first heap   total 152576K, used 25092K [0x0000000084600000, 0x0000000100000000)
  region size 1024K, 20 young (20480K), 7 survivors (7168K)
 Metaspace       used 34858K, capacity 35743K, committed 35920K, reserved 1081344K
  class space    used 4163K, capacity 4544K, committed 4608K, reserved 1048576K
}
Event: 1,956 GC heap after
{Heap after GC invocations=8 (full 0):
 garbage-first heap   total 152576K, used 13663K [0x0000000084600000, 0x0000000100000000)
  region size 1024K, 7 young (7168K), 7 survivors (7168K)
 Metaspace       used 34858K, capacity 35743K, committed 35920K, reserved 1081344K
  class space    used 4163K, capacity 4544K, committed 4608K, reserved 1048576K
}
Event: 2,453 GC heap before
{Heap before GC invocations=9 (full 0):
 garbage-first heap   total 152576K, used 96607K [0x0000000084600000, 0x0000000100000000)
  region size 1024K, 89 young (91136K), 7 survivors (7168K)
 Metaspace       used 44189K, capacity 45240K, committed 45648K, reserved 1089536K
  class space    used 5393K, capacity 5811K, committed 5888K, reserved 1048576K
}
Event: 2,461 GC heap after
{Heap after GC invocations=10 (full 0):
 garbage-first heap   total 152576K, used 16740K [0x0000000084600000, 0x0000000100000000)
  region size 1024K, 9 young (9216K), 9 survivors (9216K)
 Metaspace       used 44189K, capacity 45240K, committed 45648K, reserved 1089536K
  class space    used 5393K, capacity 5811K, committed 5888K, reserved 1048576K
}
Event: 3,394 GC heap before
{Heap before GC invocations=10 (full 0):
 garbage-first heap   total 152576K, used 93540K [0x0000000084600000, 0x0000000100000000)
  region size 1024K, 85 young (87040K), 9 survivors (9216K)
 Metaspace       used 58596K, capacity 60014K, committed 60296K, reserved 1101824K
  class space    used 7257K, capacity 7803K, committed 7808K, reserved 1048576K
}
Event: 3,412 GC heap after
{Heap after GC invocations=11 (full 0):
 garbage-first heap   total 194560K, used 23424K [0x0000000084600000, 0x0000000100000000)
  region size 1024K, 11 young (11264K), 11 survivors (11264K)
 Metaspace       used 58596K, capacity 60014K, committed 60296K, reserved 1101824K
  class space    used 7257K, capacity 7803K, committed 7808K, reserved 1048576K
}

