# JRE version: OpenJDK Runtime Environment (11.0.6+10) (build 11.0.6+10)
# Java VM: OpenJDK 64-Bit Server VM (11.0.6+10, mixed mode, tiered, compressed oops, g1 gc, linux-amd64)
Heap:
 garbage-first heap   total 262144K, used 172634K [0x00000000e0000000, 0x0000000100000000)
  region size 1024K, 68 young (69632K), 6 survivors (6144K)
 Metaspace       used 66010K, capacity 67797K, committed 68176K, reserved 315392K
  class space    used 7992K, capacity 8630K, committed 8780K, reserved 253952K
GC Heap History (20 events):
Event: 1177,562 GC heap after
{Heap after GC invocations=35 (full 0):
 garbage-first heap   total 262144K, used 95160K [0x00000000e0000000, 0x0000000100000000)
  region size 1024K, 5 young (5120K), 5 survivors (5120K)
 Metaspace       used 65073K, capacity 66782K, committed 67024K, reserved 313344K
  class space    used 7966K, capacity 8581K, committed 8652K, reserved 253952K
}
Event: 1177,670 GC heap before
{Heap before GC invocations=35 (full 0):
 garbage-first heap   total 262144K, used 204728K [0x00000000e0000000, 0x0000000100000000)
  region size 1024K, 111 young (113664K), 5 survivors (5120K)
 Metaspace       used 65152K, capacity 66932K, committed 67280K, reserved 313344K
  class space    used 7968K, capacity 8585K, committed 8652K, reserved 253952K
}
Event: 1177,676 GC heap after
{Heap after GC invocations=36 (full 0):
 garbage-first heap   total 262144K, used 101304K [0x00000000e0000000, 0x0000000100000000)
  region size 1024K, 10 young (10240K), 10 survivors (10240K)
 Metaspace       used 65152K, capacity 66932K, committed 67280K, reserved 313344K
  class space    used 7968K, capacity 8585K, committed 8652K, reserved 253952K
}
Event: 1401,281 GC heap before
{Heap before GC invocations=36 (full 0):
 garbage-first heap   total 262144K, used 205752K [0x00000000e0000000, 0x0000000100000000)
  region size 1024K, 113 young (115712K), 10 survivors (10240K)
 Metaspace       used 65401K, capacity 67089K, committed 67280K, reserved 313344K
  class space    used 7972K, capacity 8592K, committed 8652K, reserved 253952K
}
Event: 1401,299 GC heap after
{Heap after GC invocations=37 (full 0):
 garbage-first heap   total 262144K, used 110880K [0x00000000e0000000, 0x0000000100000000)
  region size 1024K, 15 young (15360K), 15 survivors (15360K)
 Metaspace       used 65401K, capacity 67089K, committed 67280K, reserved 313344K
  class space    used 7972K, capacity 8592K, committed 8652K, reserved 253952K
}
Event: 1401,448 GC heap before
{Heap before GC invocations=37 (full 0):
 garbage-first heap   total 262144K, used 207136K [0x00000000e0000000, 0x0000000100000000)
  region size 1024K, 110 young (112640K), 15 survivors (15360K)
 Metaspace       used 65404K, capacity 67089K, committed 67280K, reserved 313344K
  class space    used 7972K, capacity 8592K, committed 8652K, reserved 253952K
}
Event: 1401,462 GC heap after
{Heap after GC invocations=38 (full 0):
 garbage-first heap   total 262144K, used 109064K [0x00000000e0000000, 0x0000000100000000)
  region size 1024K, 5 young (5120K), 5 survivors (5120K)
 Metaspace       used 65404K, capacity 67089K, committed 67280K, reserved 313344K
  class space    used 7972K, capacity 8592K, committed 8652K, reserved 253952K
}
Event: 1401,586 GC heap before
{Heap before GC invocations=38 (full 0):
 garbage-first heap   total 262144K, used 210440K [0x00000000e0000000, 0x0000000100000000)
  region size 1024K, 103 young (105472K), 5 survivors (5120K)
 Metaspace       used 65421K, capacity 67090K, committed 67280K, reserved 313344K
  class space    used 7972K, capacity 8592K, committed 8652K, reserved 253952K
}
Event: 1401,594 GC heap after
{Heap after GC invocations=39 (full 0):
 garbage-first heap   total 262144K, used 113071K [0x00000000e0000000, 0x0000000100000000)
  region size 1024K, 8 young (8192K), 8 survivors (8192K)
 Metaspace       used 65421K, capacity 67090K, committed 67280K, reserved 313344K
  class space    used 7972K, capacity 8592K, committed 8652K, reserved 253952K
}
Event: 1455,415 GC heap before
{Heap before GC invocations=39 (full 0):
 garbage-first heap   total 262144K, used 210351K [0x00000000e0000000, 0x0000000100000000)
  region size 1024K, 104 young (106496K), 8 survivors (8192K)
 Metaspace       used 65647K, capacity 67391K, committed 67664K, reserved 313344K
  class space    used 7984K, capacity 8627K, committed 8780K, reserved 253952K
}
Event: 1455,424 GC heap after
{Heap after GC invocations=40 (full 0):
 garbage-first heap   total 262144K, used 122239K [0x00000000e0000000, 0x0000000100000000)
  region size 1024K, 13 young (13312K), 13 survivors (13312K)
 Metaspace       used 65647K, capacity 67391K, committed 67664K, reserved 313344K
  class space    used 7984K, capacity 8627K, committed 8780K, reserved 253952K
}
Event: 1455,551 GC heap before
{Heap before GC invocations=40 (full 0):
 garbage-first heap   total 262144K, used 209279K [0x00000000e0000000, 0x0000000100000000)
  region size 1024K, 99 young (101376K), 13 survivors (13312K)
 Metaspace       used 65657K, capacity 67456K, committed 67664K, reserved 313344K
  class space    used 7984K, capacity 8627K, committed 8780K, reserved 253952K
}
Event: 1455,562 GC heap after
{Heap after GC invocations=41 (full 0):
 garbage-first heap   total 262144K, used 121908K [0x00000000e0000000, 0x0000000100000000)
  region size 1024K, 6 young (6144K), 6 survivors (6144K)
 Metaspace       used 65657K, capacity 67456K, committed 67664K, reserved 313344K
  class space    used 7984K, capacity 8627K, committed 8780K, reserved 253952K
}
Event: 1455,651 GC heap before
{Heap before GC invocations=41 (full 0):
 garbage-first heap   total 262144K, used 210996K [0x00000000e0000000, 0x0000000100000000)
  region size 1024K, 93 young (95232K), 6 survivors (6144K)
 Metaspace       used 65690K, capacity 67465K, committed 67664K, reserved 313344K
  class space    used 7990K, capacity 8629K, committed 8780K, reserved 253952K
}
Event: 1455,665 GC heap after
{Heap after GC invocations=42 (full 0):
 garbage-first heap   total 262144K, used 123324K [0x00000000e0000000, 0x0000000100000000)
  region size 1024K, 6 young (6144K), 6 survivors (6144K)
 Metaspace       used 65690K, capacity 67465K, committed 67664K, reserved 313344K
  class space    used 7990K, capacity 8629K, committed 8780K, reserved 253952K
}
Event: 1455,693 GC heap before
{Heap before GC invocations=42 (full 0):
 garbage-first heap   total 262144K, used 132540K [0x00000000e0000000, 0x0000000100000000)
  region size 1024K, 17 young (17408K), 6 survivors (6144K)
 Metaspace       used 65699K, capacity 67465K, committed 67664K, reserved 313344K
  class space    used 7990K, capacity 8629K, committed 8780K, reserved 253952K
}
Event: 1455,702 GC heap after
{Heap after GC invocations=43 (full 0):
 garbage-first heap   total 262144K, used 123444K [0x00000000e0000000, 0x0000000100000000)
  region size 1024K, 7 young (7168K), 7 survivors (7168K)
 Metaspace       used 65699K, capacity 67465K, committed 67664K, reserved 313344K
  class space    used 7990K, capacity 8629K, committed 8780K, reserved 253952K
}
Event: 1455,762 GC heap before
{Heap before GC invocations=43 (full 0):
 garbage-first heap   total 262144K, used 188980K [0x00000000e0000000, 0x0000000100000000)
  region size 1024K, 71 young (72704K), 7 survivors (7168K)
 Metaspace       used 65721K, capacity 67531K, committed 67920K, reserved 313344K
  class space    used 7991K, capacity 8629K, committed 8780K, reserved 253952K
}
Event: 1455,771 GC heap after
{Heap after GC invocations=44 (full 0):
 garbage-first heap   total 262144K, used 132698K [0x00000000e0000000, 0x0000000100000000)
  region size 1024K, 9 young (9216K), 9 survivors (9216K)
 Metaspace       used 65721K, capacity 67531K, committed 67920K, reserved 313344K
  class space    used 7991K, capacity 8629K, committed 8780K, reserved 253952K
}
Event: 1836,181 GC heap before
{Heap before GC invocations=45 (full 0):
 garbage-first heap   total 262144K, used 171610K [0x00000000e0000000, 0x0000000100000000)
  region size 1024K, 71 young (72704K), 9 survivors (9216K)
 Metaspace       used 66010K, capacity 67797K, committed 68176K, reserved 315392K
  class space    used 7992K, capacity 8630K, committed 8780K, reserved 253952K
}

