# JRE version: OpenJDK Runtime Environment (11.0.6+10) (build 11.0.6+10)
# Java VM: OpenJDK 64-Bit Server VM (11.0.6+10, mixed mode, tiered, compressed oops, g1 gc, linux-amd64)
Heap:
 garbage-first heap   total 197632K, used 116834K [0x0000000084600000, 0x0000000100000000)
  region size 1024K, 99 young (101376K), 8 survivors (8192K)
 Metaspace       used 69073K, capacity 71098K, committed 71376K, reserved 1112064K
  class space    used 8748K, capacity 9623K, committed 9728K, reserved 1048576K
GC Heap History (20 events):
Event: 0,409 GC heap before
{Heap before GC invocations=0 (full 0):
 garbage-first heap   total 126976K, used 15360K [0x0000000084600000, 0x0000000100000000)
  region size 1024K, 14 young (14336K), 0 survivors (0K)
 Metaspace       used 9074K, capacity 9236K, committed 9344K, reserved 1058816K
  class space    used 823K, capacity 868K, committed 896K, reserved 1048576K
}
Event: 0,413 GC heap after
{Heap after GC invocations=1 (full 0):
 garbage-first heap   total 126976K, used 5960K [0x0000000084600000, 0x0000000100000000)
  region size 1024K, 2 young (2048K), 2 survivors (2048K)
 Metaspace       used 9074K, capacity 9236K, committed 9344K, reserved 1058816K
  class space    used 823K, capacity 868K, committed 896K, reserved 1048576K
}
Event: 0,699 GC heap before
{Heap before GC invocations=1 (full 0):
 garbage-first heap   total 126976K, used 19272K [0x0000000084600000, 0x0000000100000000)
  region size 1024K, 15 young (15360K), 2 survivors (2048K)
 Metaspace       used 13108K, capacity 13401K, committed 13568K, reserved 1060864K
  class space    used 1304K, capacity 1412K, committed 1536K, reserved 1048576K
}
Event: 0,711 GC heap after
{Heap after GC invocations=2 (full 0):
 garbage-first heap   total 126976K, used 6900K [0x0000000084600000, 0x0000000100000000)
  region size 1024K, 1 young (1024K), 1 survivors (1024K)
 Metaspace       used 13108K, capacity 13401K, committed 13568K, reserved 1060864K
  class space    used 1304K, capacity 1412K, committed 1536K, reserved 1048576K
}
Event: 0,919 GC heap before
{Heap before GC invocations=2 (full 0):
 garbage-first heap   total 126976K, used 33524K [0x0000000084600000, 0x0000000100000000)
  region size 1024K, 28 young (28672K), 1 survivors (1024K)
 Metaspace       used 17599K, capacity 17997K, committed 18304K, reserved 1064960K
  class space    used 1986K, capacity 2137K, committed 2176K, reserved 1048576K
}
Event: 0,922 GC heap after
{Heap after GC invocations=3 (full 0):
 garbage-first heap   total 126976K, used 8099K [0x0000000084600000, 0x0000000100000000)
  region size 1024K, 3 young (3072K), 3 survivors (3072K)
 Metaspace       used 17599K, capacity 17997K, committed 18304K, reserved 1064960K
  class space    used 1986K, capacity 2137K, committed 2176K, reserved 1048576K
}
Event: 1,056 GC heap before
{Heap before GC invocations=3 (full 0):
 garbage-first heap   total 126976K, used 25507K [0x0000000084600000, 0x0000000100000000)
  region size 1024K, 21 young (21504K), 3 survivors (3072K)
 Metaspace       used 20525K, capacity 20986K, committed 21248K, reserved 1069056K
  class space    used 2368K, capacity 2541K, committed 2560K, reserved 1048576K
}
Event: 1,061 GC heap after
{Heap after GC invocations=4 (full 0):
 garbage-first heap   total 126976K, used 8536K [0x0000000084600000, 0x0000000100000000)
  region size 1024K, 3 young (3072K), 3 survivors (3072K)
 Metaspace       used 20525K, capacity 20986K, committed 21248K, reserved 1069056K
  class space    used 2368K, capacity 2541K, committed 2560K, reserved 1048576K
}
Event: 1,257 GC heap before
{Heap before GC invocations=5 (full 0):
 garbage-first heap   total 126976K, used 55640K [0x0000000084600000, 0x0000000100000000)
  region size 1024K, 50 young (51200K), 3 survivors (3072K)
 Metaspace       used 25113K, capacity 25654K, committed 25980K, reserved 1073152K
  class space    used 2923K, capacity 3116K, committed 3200K, reserved 1048576K
}
Event: 1,262 GC heap after
{Heap after GC invocations=6 (full 0):
 garbage-first heap   total 155648K, used 9628K [0x0000000084600000, 0x0000000100000000)
  region size 1024K, 4 young (4096K), 4 survivors (4096K)
 Metaspace       used 25113K, capacity 25654K, committed 25980K, reserved 1073152K
  class space    used 2923K, capacity 3116K, committed 3200K, reserved 1048576K
}
Event: 1,959 GC heap before
{Heap before GC invocations=6 (full 0):
 garbage-first heap   total 155648K, used 81308K [0x0000000084600000, 0x0000000100000000)
  region size 1024K, 75 young (76800K), 4 survivors (4096K)
 Metaspace       used 31367K, capacity 32143K, committed 32508K, reserved 1077248K
  class space    used 3700K, capacity 4008K, committed 4096K, reserved 1048576K
}
Event: 1,966 GC heap after
{Heap after GC invocations=7 (full 0):
 garbage-first heap   total 155648K, used 11939K [0x0000000084600000, 0x0000000100000000)
  region size 1024K, 6 young (6144K), 6 survivors (6144K)
 Metaspace       used 31367K, capacity 32143K, committed 32508K, reserved 1077248K
  class space    used 3700K, capacity 4008K, committed 4096K, reserved 1048576K
}
Event: 2,260 GC heap before
{Heap before GC invocations=7 (full 0):
 garbage-first heap   total 155648K, used 35491K [0x0000000084600000, 0x0000000100000000)
  region size 1024K, 30 young (30720K), 6 survivors (6144K)
 Metaspace       used 35068K, capacity 35914K, committed 36048K, reserved 1081344K
  class space    used 4193K, capacity 4579K, committed 4608K, reserved 1048576K
}
Event: 2,276 GC heap after
{Heap after GC invocations=8 (full 0):
 garbage-first heap   total 155648K, used 14180K [0x0000000084600000, 0x0000000100000000)
  region size 1024K, 8 young (8192K), 8 survivors (8192K)
 Metaspace       used 35068K, capacity 35914K, committed 36048K, reserved 1081344K
  class space    used 4193K, capacity 4579K, committed 4608K, reserved 1048576K
}
Event: 2,763 GC heap before
{Heap before GC invocations=9 (full 0):
 garbage-first heap   total 155648K, used 93028K [0x0000000084600000, 0x0000000100000000)
  region size 1024K, 86 young (88064K), 8 survivors (8192K)
 Metaspace       used 43313K, capacity 44310K, committed 44624K, reserved 1087488K
  class space    used 5235K, capacity 5651K, committed 5760K, reserved 1048576K
}
Event: 2,771 GC heap after
{Heap after GC invocations=10 (full 0):
 garbage-first heap   total 155648K, used 16473K [0x0000000084600000, 0x0000000100000000)
  region size 1024K, 8 young (8192K), 8 survivors (8192K)
 Metaspace       used 43313K, capacity 44310K, committed 44624K, reserved 1087488K
  class space    used 5235K, capacity 5651K, committed 5760K, reserved 1048576K
}
Event: 3,820 GC heap before
{Heap before GC invocations=10 (full 0):
 garbage-first heap   total 155648K, used 99417K [0x0000000084600000, 0x0000000100000000)
  region size 1024K, 89 young (91136K), 8 survivors (8192K)
 Metaspace       used 57826K, capacity 59246K, committed 59728K, reserved 1101824K
  class space    used 7177K, capacity 7740K, committed 7808K, reserved 1048576K
}
Event: 3,847 GC heap after
{Heap after GC invocations=11 (full 0):
 garbage-first heap   total 197632K, used 23216K [0x0000000084600000, 0x0000000100000000)
  region size 1024K, 12 young (12288K), 12 survivors (12288K)
 Metaspace       used 57826K, capacity 59246K, committed 59728K, reserved 1101824K
  class space    used 7177K, capacity 7740K, committed 7808K, reserved 1048576K
}
Event: 3,878 GC heap before
{Heap before GC invocations=11 (full 0):
 garbage-first heap   total 197632K, used 24240K [0x0000000084600000, 0x0000000100000000)
  region size 1024K, 14 young (14336K), 12 survivors (12288K)
 Metaspace       used 58545K, capacity 59950K, committed 60496K, reserved 1101824K
  class space    used 7257K, capacity 7804K, committed 7808K, reserved 1048576K
}
Event: 3,895 GC heap after
{Heap after GC invocations=12 (full 0):
 garbage-first heap   total 197632K, used 23650K [0x0000000084600000, 0x0000000100000000)
  region size 1024K, 8 young (8192K), 8 survivors (8192K)
 Metaspace       used 58545K, capacity 59950K, committed 60496K, reserved 1101824K
  class space    used 7257K, capacity 7804K, committed 7808K, reserved 1048576K
}

