# JRE version: OpenJDK Runtime Environment (11.0.6+10) (build 11.0.6+10)
# Java VM: OpenJDK 64-Bit Server VM (11.0.6+10, mixed mode, tiered, compressed oops, g1 gc, linux-amd64)
Heap:
 garbage-first heap   total 157696K, used 37100K [0x0000000084600000, 0x0000000100000000)
  region size 1024K, 26 young (26624K), 11 survivors (11264K)
 Metaspace       used 58629K, capacity 60039K, committed 60496K, reserved 1101824K
  class space    used 7278K, capacity 7837K, committed 7936K, reserved 1048576K
GC Heap History (14 events):
Event: 0,267 GC heap before
{Heap before GC invocations=0 (full 0):
 garbage-first heap   total 126976K, used 14336K [0x0000000084600000, 0x0000000100000000)
  region size 1024K, 14 young (14336K), 0 survivors (0K)
 Metaspace       used 9230K, capacity 9420K, committed 9600K, reserved 1058816K
  class space    used 836K, capacity 868K, committed 896K, reserved 1048576K
}
Event: 0,272 GC heap after
{Heap after GC invocations=1 (full 0):
 garbage-first heap   total 126976K, used 5819K [0x0000000084600000, 0x0000000100000000)
  region size 1024K, 2 young (2048K), 2 survivors (2048K)
 Metaspace       used 9230K, capacity 9420K, committed 9600K, reserved 1058816K
  class space    used 836K, capacity 868K, committed 896K, reserved 1048576K
}
Event: 0,732 GC heap before
{Heap before GC invocations=1 (full 0):
 garbage-first heap   total 126976K, used 59067K [0x0000000084600000, 0x0000000100000000)
  region size 1024K, 55 young (56320K), 2 survivors (2048K)
 Metaspace       used 20638K, capacity 21108K, committed 21296K, reserved 1069056K
  class space    used 2404K, capacity 2585K, committed 2688K, reserved 1048576K
}
Event: 0,737 GC heap after
{Heap after GC invocations=2 (full 0):
 garbage-first heap   total 126976K, used 8409K [0x0000000084600000, 0x0000000100000000)
  region size 1024K, 5 young (5120K), 5 survivors (5120K)
 Metaspace       used 20638K, capacity 21108K, committed 21296K, reserved 1069056K
  class space    used 2404K, capacity 2585K, committed 2688K, reserved 1048576K
}
Event: 0,876 GC heap before
{Heap before GC invocations=3 (full 0):
 garbage-first heap   total 126976K, used 64729K [0x0000000084600000, 0x0000000100000000)
  region size 1024K, 61 young (62464K), 5 survivors (5120K)
 Metaspace       used 25025K, capacity 25545K, committed 25904K, reserved 1073152K
  class space    used 2911K, capacity 3105K, committed 3200K, reserved 1048576K
}
Event: 0,884 GC heap after
{Heap after GC invocations=4 (full 0):
 garbage-first heap   total 126976K, used 9577K [0x0000000084600000, 0x0000000100000000)
  region size 1024K, 4 young (4096K), 4 survivors (4096K)
 Metaspace       used 25025K, capacity 25545K, committed 25904K, reserved 1073152K
  class space    used 2911K, capacity 3105K, committed 3200K, reserved 1048576K
}
Event: 1,609 GC heap before
{Heap before GC invocations=4 (full 0):
 garbage-first heap   total 126976K, used 75113K [0x0000000084600000, 0x0000000100000000)
  region size 1024K, 69 young (70656K), 4 survivors (4096K)
 Metaspace       used 31980K, capacity 32769K, committed 32944K, reserved 1079296K
  class space    used 3787K, capacity 4089K, committed 4096K, reserved 1048576K
}
Event: 1,618 GC heap after
{Heap after GC invocations=5 (full 0):
 garbage-first heap   total 126976K, used 11991K [0x0000000084600000, 0x0000000100000000)
  region size 1024K, 6 young (6144K), 6 survivors (6144K)
 Metaspace       used 31980K, capacity 32769K, committed 32944K, reserved 1079296K
  class space    used 3787K, capacity 4089K, committed 4096K, reserved 1048576K
}
Event: 1,822 GC heap before
{Heap before GC invocations=5 (full 0):
 garbage-first heap   total 126976K, used 28375K [0x0000000084600000, 0x0000000100000000)
  region size 1024K, 23 young (23552K), 6 survivors (6144K)
 Metaspace       used 34913K, capacity 35731K, committed 35920K, reserved 1081344K
  class space    used 4170K, capacity 4544K, committed 4608K, reserved 1048576K
}
Event: 1,831 GC heap after
{Heap after GC invocations=6 (full 0):
 garbage-first heap   total 157696K, used 13816K [0x0000000084600000, 0x0000000100000000)
  region size 1024K, 6 young (6144K), 6 survivors (6144K)
 Metaspace       used 34913K, capacity 35731K, committed 35920K, reserved 1081344K
  class space    used 4170K, capacity 4544K, committed 4608K, reserved 1048576K
}
Event: 2,181 GC heap before
{Heap before GC invocations=7 (full 0):
 garbage-first heap   total 157696K, used 80376K [0x0000000084600000, 0x0000000100000000)
  region size 1024K, 72 young (73728K), 6 survivors (6144K)
 Metaspace       used 41132K, capacity 42083K, committed 42320K, reserved 1087488K
  class space    used 4884K, capacity 5296K, committed 5376K, reserved 1048576K
}
Event: 2,187 GC heap after
{Heap after GC invocations=8 (full 0):
 garbage-first heap   total 157696K, used 15656K [0x0000000084600000, 0x0000000100000000)
  region size 1024K, 7 young (7168K), 7 survivors (7168K)
 Metaspace       used 41132K, capacity 42083K, committed 42320K, reserved 1087488K
  class space    used 4884K, capacity 5296K, committed 5376K, reserved 1048576K
}
Event: 3,257 GC heap before
{Heap before GC invocations=9 (full 0):
 garbage-first heap   total 157696K, used 94504K [0x0000000084600000, 0x0000000100000000)
  region size 1024K, 84 young (86016K), 7 survivors (7168K)
 Metaspace       used 55602K, capacity 57025K, committed 57552K, reserved 1099776K
  class space    used 6884K, capacity 7430K, committed 7552K, reserved 1048576K
}
Event: 3,267 GC heap after
{Heap after GC invocations=10 (full 0):
 garbage-first heap   total 157696K, used 22764K [0x0000000084600000, 0x0000000100000000)
  region size 1024K, 11 young (11264K), 11 survivors (11264K)
 Metaspace       used 55602K, capacity 57025K, committed 57552K, reserved 1099776K
  class space    used 6884K, capacity 7430K, committed 7552K, reserved 1048576K
}

