# JRE version: OpenJDK Runtime Environment (11.0.6+10) (build 11.0.6+10)
# Java VM: OpenJDK 64-Bit Server VM (11.0.6+10, mixed mode, tiered, compressed oops, g1 gc, linux-amd64)
Heap:
 garbage-first heap   total 183296K, used 36352K [0x0000000084600000, 0x0000000100000000)
  region size 1024K, 26 young (26624K), 12 survivors (12288K)
 Metaspace       used 60529K, capacity 61947K, committed 62492K, reserved 1103872K
  class space    used 7656K, capacity 8231K, committed 8316K, reserved 1048576K
GC Heap History (18 events):
Event: 0,343 GC heap before
{Heap before GC invocations=0 (full 0):
 garbage-first heap   total 126976K, used 15360K [0x0000000084600000, 0x0000000100000000)
  region size 1024K, 14 young (14336K), 0 survivors (0K)
 Metaspace       used 9205K, capacity 9360K, committed 9600K, reserved 1058816K
  class space    used 834K, capacity 868K, committed 896K, reserved 1048576K
}
Event: 0,347 GC heap after
{Heap after GC invocations=1 (full 0):
 garbage-first heap   total 126976K, used 6082K [0x0000000084600000, 0x0000000100000000)
  region size 1024K, 2 young (2048K), 2 survivors (2048K)
 Metaspace       used 9205K, capacity 9360K, committed 9600K, reserved 1058816K
  class space    used 834K, capacity 868K, committed 896K, reserved 1048576K
}
Event: 0,559 GC heap before
{Heap before GC invocations=1 (full 0):
 garbage-first heap   total 126976K, used 18370K [0x0000000084600000, 0x0000000100000000)
  region size 1024K, 14 young (14336K), 2 survivors (2048K)
 Metaspace       used 13261K, capacity 13595K, committed 13824K, reserved 1060864K
  class space    used 1320K, capacity 1414K, committed 1536K, reserved 1048576K
}
Event: 0,565 GC heap after
{Heap after GC invocations=2 (full 0):
 garbage-first heap   total 126976K, used 6675K [0x0000000084600000, 0x0000000100000000)
  region size 1024K, 1 young (1024K), 1 survivors (1024K)
 Metaspace       used 13261K, capacity 13595K, committed 13824K, reserved 1060864K
  class space    used 1320K, capacity 1414K, committed 1536K, reserved 1048576K
}
Event: 0,775 GC heap before
{Heap before GC invocations=2 (full 0):
 garbage-first heap   total 126976K, used 32275K [0x0000000084600000, 0x0000000100000000)
  region size 1024K, 27 young (27648K), 1 survivors (1024K)
 Metaspace       used 17993K, capacity 18347K, committed 18560K, reserved 1064960K
  class space    used 2023K, capacity 2170K, committed 2176K, reserved 1048576K
}
Event: 0,778 GC heap after
{Heap after GC invocations=3 (full 0):
 garbage-first heap   total 126976K, used 7803K [0x0000000084600000, 0x0000000100000000)
  region size 1024K, 2 young (2048K), 2 survivors (2048K)
 Metaspace       used 17993K, capacity 18347K, committed 18560K, reserved 1064960K
  class space    used 2023K, capacity 2170K, committed 2176K, reserved 1048576K
}
Event: 0,914 GC heap before
{Heap before GC invocations=3 (full 0):
 garbage-first heap   total 126976K, used 24187K [0x0000000084600000, 0x0000000100000000)
  region size 1024K, 19 young (19456K), 2 survivors (2048K)
 Metaspace       used 20728K, capacity 21157K, committed 21296K, reserved 1069056K
  class space    used 2411K, capacity 2577K, committed 2608K, reserved 1048576K
}
Event: 0,917 GC heap after
{Heap after GC invocations=4 (full 0):
 garbage-first heap   total 126976K, used 8333K [0x0000000084600000, 0x0000000100000000)
  region size 1024K, 3 young (3072K), 3 survivors (3072K)
 Metaspace       used 20728K, capacity 21157K, committed 21296K, reserved 1069056K
  class space    used 2411K, capacity 2577K, committed 2608K, reserved 1048576K
}
Event: 1,065 GC heap before
{Heap before GC invocations=5 (full 0):
 garbage-first heap   total 126976K, used 49293K [0x0000000084600000, 0x0000000100000000)
  region size 1024K, 44 young (45056K), 3 survivors (3072K)
 Metaspace       used 24559K, capacity 25096K, committed 25392K, reserved 1071104K
  class space    used 2828K, capacity 3037K, committed 3120K, reserved 1048576K
}
Event: 1,069 GC heap after
{Heap after GC invocations=6 (full 0):
 garbage-first heap   total 152576K, used 9437K [0x0000000084600000, 0x0000000100000000)
  region size 1024K, 4 young (4096K), 4 survivors (4096K)
 Metaspace       used 24559K, capacity 25096K, committed 25392K, reserved 1071104K
  class space    used 2828K, capacity 3037K, committed 3120K, reserved 1048576K
}
Event: 1,617 GC heap before
{Heap before GC invocations=6 (full 0):
 garbage-first heap   total 152576K, used 73949K [0x0000000084600000, 0x0000000100000000)
  region size 1024K, 68 young (69632K), 4 survivors (4096K)
 Metaspace       used 29484K, capacity 30177K, committed 30384K, reserved 1075200K
  class space    used 3451K, capacity 3743K, committed 3760K, reserved 1048576K
}
Event: 1,624 GC heap after
{Heap after GC invocations=7 (full 0):
 garbage-first heap   total 152576K, used 11123K [0x0000000084600000, 0x0000000100000000)
  region size 1024K, 6 young (6144K), 6 survivors (6144K)
 Metaspace       used 29484K, capacity 30177K, committed 30384K, reserved 1075200K
  class space    used 3451K, capacity 3743K, committed 3760K, reserved 1048576K
}
Event: 2,094 GC heap before
{Heap before GC invocations=7 (full 0):
 garbage-first heap   total 152576K, used 43891K [0x0000000084600000, 0x0000000100000000)
  region size 1024K, 39 young (39936K), 6 survivors (6144K)
 Metaspace       used 34799K, capacity 35671K, committed 35888K, reserved 1081344K
  class space    used 4151K, capacity 4544K, committed 4656K, reserved 1048576K
}
Event: 2,102 GC heap after
{Heap after GC invocations=8 (full 0):
 garbage-first heap   total 152576K, used 13577K [0x0000000084600000, 0x0000000100000000)
  region size 1024K, 8 young (8192K), 8 survivors (8192K)
 Metaspace       used 34799K, capacity 35671K, committed 35888K, reserved 1081344K
  class space    used 4151K, capacity 4544K, committed 4656K, reserved 1048576K
}
Event: 2,828 GC heap before
{Heap before GC invocations=9 (full 0):
 garbage-first heap   total 152576K, used 95497K [0x0000000084600000, 0x0000000100000000)
  region size 1024K, 89 young (91136K), 8 survivors (8192K)
 Metaspace       used 43950K, capacity 44975K, committed 45232K, reserved 1089536K
  class space    used 5340K, capacity 5747K, committed 5808K, reserved 1048576K
}
Event: 2,835 GC heap after
{Heap after GC invocations=10 (full 0):
 garbage-first heap   total 152576K, used 16087K [0x0000000084600000, 0x0000000100000000)
  region size 1024K, 9 young (9216K), 9 survivors (9216K)
 Metaspace       used 43950K, capacity 44975K, committed 45232K, reserved 1089536K
  class space    used 5340K, capacity 5747K, committed 5808K, reserved 1048576K
}
Event: 3,835 GC heap before
{Heap before GC invocations=10 (full 0):
 garbage-first heap   total 152576K, used 91863K [0x0000000084600000, 0x0000000100000000)
  region size 1024K, 84 young (86016K), 9 survivors (9216K)
 Metaspace       used 58527K, capacity 59973K, committed 60240K, reserved 1101824K
  class space    used 7237K, capacity 7835K, committed 7856K, reserved 1048576K
}
Event: 3,848 GC heap after
{Heap after GC invocations=11 (full 0):
 garbage-first heap   total 183296K, used 23040K [0x0000000084600000, 0x0000000100000000)
  region size 1024K, 12 young (12288K), 12 survivors (12288K)
 Metaspace       used 58527K, capacity 59973K, committed 60240K, reserved 1101824K
  class space    used 7237K, capacity 7835K, committed 7856K, reserved 1048576K
}

