# JRE version: OpenJDK Runtime Environment (11.0.6+10) (build 11.0.6+10)
# Java VM: OpenJDK 64-Bit Server VM (11.0.6+10, mixed mode, tiered, compressed oops, g1 gc, linux-amd64)
Heap:
 garbage-first heap   total 262144K, used 202740K [0x00000000e0000000, 0x0000000100000000)
  region size 1024K, 123 young (125952K), 11 survivors (11264K)
 Metaspace       used 64319K, capacity 66138K, committed 66268K, reserved 313344K
  class space    used 7988K, capacity 8638K, committed 8652K, reserved 253952K
GC Heap History (20 events):
Event: 4,869 GC heap before
{Heap before GC invocations=12 (full 0):
 garbage-first heap   total 262144K, used 183959K [0x00000000e0000000, 0x0000000100000000)
  region size 1024K, 152 young (155648K), 15 survivors (15360K)
 Metaspace       used 58228K, capacity 59620K, committed 59984K, reserved 307200K
  class space    used 7558K, capacity 8110K, committed 8140K, reserved 253952K
}
Event: 4,891 GC heap after
{Heap after GC invocations=13 (full 0):
 garbage-first heap   total 262144K, used 58583K [0x00000000e0000000, 0x0000000100000000)
  region size 1024K, 19 young (19456K), 19 survivors (19456K)
 Metaspace       used 58228K, capacity 59620K, committed 59984K, reserved 307200K
  class space    used 7558K, capacity 8110K, committed 8140K, reserved 253952K
}
Event: 5,131 GC heap before
{Heap before GC invocations=13 (full 0):
 garbage-first heap   total 262144K, used 124119K [0x00000000e0000000, 0x0000000100000000)
  region size 1024K, 85 young (87040K), 19 survivors (19456K)
 Metaspace       used 58955K, capacity 60374K, committed 60508K, reserved 307200K
  class space    used 7621K, capacity 8209K, committed 8268K, reserved 253952K
}
Event: 5,163 GC heap after
{Heap after GC invocations=14 (full 0):
 garbage-first heap   total 262144K, used 68570K [0x00000000e0000000, 0x0000000100000000)
  region size 1024K, 10 young (10240K), 10 survivors (10240K)
 Metaspace       used 58955K, capacity 60374K, committed 60508K, reserved 307200K
  class space    used 7621K, capacity 8209K, committed 8268K, reserved 253952K
}
Event: 93,512 GC heap before
{Heap before GC invocations=15 (full 0):
 garbage-first heap   total 262144K, used 191450K [0x00000000e0000000, 0x0000000100000000)
  region size 1024K, 131 young (134144K), 10 survivors (10240K)
 Metaspace       used 61979K, capacity 63709K, committed 63964K, reserved 311296K
  class space    used 7937K, capacity 8584K, committed 8652K, reserved 253952K
}
Event: 93,528 GC heap after
{Heap after GC invocations=16 (full 0):
 garbage-first heap   total 262144K, used 76762K [0x00000000e0000000, 0x0000000100000000)
  region size 1024K, 17 young (17408K), 17 survivors (17408K)
 Metaspace       used 61979K, capacity 63709K, committed 63964K, reserved 311296K
  class space    used 7937K, capacity 8584K, committed 8652K, reserved 253952K
}
Event: 93,936 GC heap before
{Heap before GC invocations=17 (full 0):
 garbage-first heap   total 262144K, used 197594K [0x00000000e0000000, 0x0000000100000000)
  region size 1024K, 135 young (138240K), 17 survivors (17408K)
 Metaspace       used 62288K, capacity 63980K, committed 64220K, reserved 311296K
  class space    used 7939K, capacity 8586K, committed 8652K, reserved 253952K
}
Event: 93,953 GC heap after
{Heap after GC invocations=18 (full 0):
 garbage-first heap   total 262144K, used 78165K [0x00000000e0000000, 0x0000000100000000)
  region size 1024K, 6 young (6144K), 6 survivors (6144K)
 Metaspace       used 62288K, capacity 63980K, committed 64220K, reserved 311296K
  class space    used 7939K, capacity 8586K, committed 8652K, reserved 253952K
}
Event: 94,267 GC heap before
{Heap before GC invocations=18 (full 0):
 garbage-first heap   total 262144K, used 202069K [0x00000000e0000000, 0x0000000100000000)
  region size 1024K, 127 young (130048K), 6 survivors (6144K)
 Metaspace       used 62763K, capacity 64511K, committed 64732K, reserved 311296K
  class space    used 7939K, capacity 8586K, committed 8652K, reserved 253952K
}
Event: 94,277 GC heap after
{Heap after GC invocations=19 (full 0):
 garbage-first heap   total 262144K, used 84821K [0x00000000e0000000, 0x0000000100000000)
  region size 1024K, 12 young (12288K), 12 survivors (12288K)
 Metaspace       used 62763K, capacity 64511K, committed 64732K, reserved 311296K
  class space    used 7939K, capacity 8586K, committed 8652K, reserved 253952K
}
Event: 148,713 GC heap before
{Heap before GC invocations=19 (full 0):
 garbage-first heap   total 262144K, used 203605K [0x00000000e0000000, 0x0000000100000000)
  region size 1024K, 129 young (132096K), 12 survivors (12288K)
 Metaspace       used 63176K, capacity 64958K, committed 65244K, reserved 311296K
  class space    used 7956K, capacity 8613K, committed 8652K, reserved 253952K
}
Event: 148,739 GC heap after
{Heap after GC invocations=20 (full 0):
 garbage-first heap   total 262144K, used 85715K [0x00000000e0000000, 0x0000000100000000)
  region size 1024K, 10 young (10240K), 10 survivors (10240K)
 Metaspace       used 63176K, capacity 64958K, committed 65244K, reserved 311296K
  class space    used 7956K, capacity 8613K, committed 8652K, reserved 253952K
}
Event: 220,388 GC heap before
{Heap before GC invocations=20 (full 0):
 garbage-first heap   total 262144K, used 204499K [0x00000000e0000000, 0x0000000100000000)
  region size 1024K, 126 young (129024K), 10 survivors (10240K)
 Metaspace       used 63495K, capacity 65229K, committed 65500K, reserved 311296K
  class space    used 7964K, capacity 8628K, committed 8652K, reserved 253952K
}
Event: 220,395 GC heap after
{Heap after GC invocations=21 (full 0):
 garbage-first heap   total 262144K, used 79912K [0x00000000e0000000, 0x0000000100000000)
  region size 1024K, 3 young (3072K), 3 survivors (3072K)
 Metaspace       used 63495K, capacity 65229K, committed 65500K, reserved 311296K
  class space    used 7964K, capacity 8628K, committed 8652K, reserved 253952K
}
Event: 220,667 GC heap before
{Heap before GC invocations=21 (full 0):
 garbage-first heap   total 262144K, used 207912K [0x00000000e0000000, 0x0000000100000000)
  region size 1024K, 128 young (131072K), 3 survivors (3072K)
 Metaspace       used 63722K, capacity 65493K, committed 65756K, reserved 311296K
  class space    used 7964K, capacity 8628K, committed 8652K, reserved 253952K
}
Event: 220,687 GC heap after
{Heap after GC invocations=22 (full 0):
 garbage-first heap   total 262144K, used 86988K [0x00000000e0000000, 0x0000000100000000)
  region size 1024K, 10 young (10240K), 10 survivors (10240K)
 Metaspace       used 63722K, capacity 65493K, committed 65756K, reserved 311296K
  class space    used 7964K, capacity 8628K, committed 8652K, reserved 253952K
}
Event: 260,521 GC heap before
{Heap before GC invocations=22 (full 0):
 garbage-first heap   total 262144K, used 208844K [0x00000000e0000000, 0x0000000100000000)
  region size 1024K, 130 young (133120K), 10 survivors (10240K)
 Metaspace       used 64095K, capacity 65802K, committed 66012K, reserved 313344K
  class space    used 7987K, capacity 8637K, committed 8652K, reserved 253952K
}
Event: 260,531 GC heap after
{Heap after GC invocations=23 (full 0):
 garbage-first heap   total 262144K, used 84692K [0x00000000e0000000, 0x0000000100000000)
  region size 1024K, 8 young (8192K), 8 survivors (8192K)
 Metaspace       used 64095K, capacity 65802K, committed 66012K, reserved 313344K
  class space    used 7987K, capacity 8637K, committed 8652K, reserved 253952K
}
Event: 260,748 GC heap before
{Heap before GC invocations=23 (full 0):
 garbage-first heap   total 262144K, used 209620K [0x00000000e0000000, 0x0000000100000000)
  region size 1024K, 130 young (133120K), 8 survivors (8192K)
 Metaspace       used 64145K, capacity 65937K, committed 66268K, reserved 313344K
  class space    used 7988K, capacity 8638K, committed 8652K, reserved 253952K
}
Event: 260,765 GC heap after
{Heap after GC invocations=24 (full 0):
 garbage-first heap   total 262144K, used 89076K [0x00000000e0000000, 0x0000000100000000)
  region size 1024K, 11 young (11264K), 11 survivors (11264K)
 Metaspace       used 64145K, capacity 65937K, committed 66268K, reserved 313344K
  class space    used 7988K, capacity 8638K, committed 8652K, reserved 253952K
}

