# JRE version: OpenJDK Runtime Environment (11.0.6+10) (build 11.0.6+10)
# Java VM: OpenJDK 64-Bit Server VM (11.0.6+10, mixed mode, tiered, compressed oops, g1 gc, linux-amd64)
Heap:
 garbage-first heap   total 162816K, used 15743K [0x0000000084600000, 0x0000000100000000)
  region size 1024K, 9 young (9216K), 6 survivors (6144K)
 Metaspace       used 34822K, capacity 35665K, committed 35840K, reserved 1081344K
  class space    used 4166K, capacity 4544K, committed 4608K, reserved 1048576K
GC Heap History (10 events):
Event: 0,266 GC heap before
{Heap before GC invocations=0 (full 0):
 garbage-first heap   total 126976K, used 14336K [0x0000000084600000, 0x0000000100000000)
  region size 1024K, 14 young (14336K), 0 survivors (0K)
 Metaspace       used 9233K, capacity 9420K, committed 9600K, reserved 1058816K
  class space    used 836K, capacity 868K, committed 896K, reserved 1048576K
}
Event: 0,271 GC heap after
{Heap after GC invocations=1 (full 0):
 garbage-first heap   total 126976K, used 5821K [0x0000000084600000, 0x0000000100000000)
  region size 1024K, 2 young (2048K), 2 survivors (2048K)
 Metaspace       used 9233K, capacity 9420K, committed 9600K, reserved 1058816K
  class space    used 836K, capacity 868K, committed 896K, reserved 1048576K
}
Event: 0,679 GC heap before
{Heap before GC invocations=1 (full 0):
 garbage-first heap   total 126976K, used 58045K [0x0000000084600000, 0x0000000100000000)
  region size 1024K, 54 young (55296K), 2 survivors (2048K)
 Metaspace       used 20548K, capacity 21027K, committed 21248K, reserved 1069056K
  class space    used 2365K, capacity 2537K, committed 2560K, reserved 1048576K
}
Event: 0,685 GC heap after
{Heap after GC invocations=2 (full 0):
 garbage-first heap   total 126976K, used 8423K [0x0000000084600000, 0x0000000100000000)
  region size 1024K, 5 young (5120K), 5 survivors (5120K)
 Metaspace       used 20548K, capacity 21027K, committed 21248K, reserved 1069056K
  class space    used 2365K, capacity 2537K, committed 2560K, reserved 1048576K
}
Event: 0,870 GC heap before
{Heap before GC invocations=3 (full 0):
 garbage-first heap   total 126976K, used 63719K [0x0000000084600000, 0x0000000100000000)
  region size 1024K, 60 young (61440K), 5 survivors (5120K)
 Metaspace       used 25461K, capacity 26069K, committed 26240K, reserved 1073152K
  class space    used 2971K, capacity 3198K, committed 3200K, reserved 1048576K
}
Event: 0,879 GC heap after
{Heap after GC invocations=4 (full 0):
 garbage-first heap   total 126976K, used 9731K [0x0000000084600000, 0x0000000100000000)
  region size 1024K, 4 young (4096K), 4 survivors (4096K)
 Metaspace       used 25461K, capacity 26069K, committed 26240K, reserved 1073152K
  class space    used 2971K, capacity 3198K, committed 3200K, reserved 1048576K
}
Event: 1,537 GC heap before
{Heap before GC invocations=4 (full 0):
 garbage-first heap   total 126976K, used 80387K [0x0000000084600000, 0x0000000100000000)
  region size 1024K, 74 young (75776K), 4 survivors (4096K)
 Metaspace       used 32510K, capacity 33240K, committed 33408K, reserved 1079296K
  class space    used 3865K, capacity 4162K, committed 4224K, reserved 1048576K
}
Event: 1,546 GC heap after
{Heap after GC invocations=5 (full 0):
 garbage-first heap   total 126976K, used 12449K [0x0000000084600000, 0x0000000100000000)
  region size 1024K, 7 young (7168K), 7 survivors (7168K)
 Metaspace       used 32510K, capacity 33240K, committed 33408K, reserved 1079296K
  class space    used 3865K, capacity 4162K, committed 4224K, reserved 1048576K
}
Event: 1,685 GC heap before
{Heap before GC invocations=5 (full 0):
 garbage-first heap   total 126976K, used 23713K [0x0000000084600000, 0x0000000100000000)
  region size 1024K, 19 young (19456K), 7 survivors (7168K)
 Metaspace       used 34513K, capacity 35374K, committed 35584K, reserved 1081344K
  class space    used 4137K, capacity 4511K, committed 4608K, reserved 1048576K
}
Event: 1,694 GC heap after
{Heap after GC invocations=6 (full 0):
 garbage-first heap   total 162816K, used 13695K [0x0000000084600000, 0x0000000100000000)
  region size 1024K, 6 young (6144K), 6 survivors (6144K)
 Metaspace       used 34513K, capacity 35374K, committed 35584K, reserved 1081344K
  class space    used 4137K, capacity 4511K, committed 4608K, reserved 1048576K
}

