# JRE version: OpenJDK Runtime Environment (11.0.6+10) (build 11.0.6+10)
# Java VM: OpenJDK 64-Bit Server VM (11.0.6+10, mixed mode, tiered, compressed oops, g1 gc, linux-amd64)
Heap:
 garbage-first heap   total 262144K, used 84217K [0x00000000e0000000, 0x0000000100000000)
  region size 1024K, 2 young (2048K), 1 survivors (1024K)
 Metaspace       used 69521K, capacity 71722K, committed 72020K, reserved 317440K
  class space    used 8229K, capacity 9032K, committed 9088K, reserved 253952K
GC Heap History (20 events):
Event: 100522,322 GC heap after
{Heap after GC invocations=209 (full 0):
 garbage-first heap   total 262144K, used 83242K [0x00000000e0000000, 0x0000000100000000)
  region size 1024K, 8 young (8192K), 8 survivors (8192K)
 Metaspace       used 69357K, capacity 71556K, committed 72020K, reserved 317440K
  class space    used 8225K, capacity 9027K, committed 9088K, reserved 253952K
}
Event: 100522,445 GC heap before
{Heap before GC invocations=209 (full 0):
 garbage-first heap   total 262144K, used 206122K [0x00000000e0000000, 0x0000000100000000)
  region size 1024K, 128 young (131072K), 8 survivors (8192K)
 Metaspace       used 69361K, capacity 71556K, committed 72020K, reserved 317440K
  class space    used 8225K, capacity 9027K, committed 9088K, reserved 253952K
}
Event: 100522,453 GC heap after
{Heap after GC invocations=210 (full 0):
 garbage-first heap   total 262144K, used 91418K [0x00000000e0000000, 0x0000000100000000)
  region size 1024K, 16 young (16384K), 16 survivors (16384K)
 Metaspace       used 69361K, capacity 71556K, committed 72020K, reserved 317440K
  class space    used 8225K, capacity 9027K, committed 9088K, reserved 253952K
}
Event: 100615,927 GC heap before
{Heap before GC invocations=211 (full 0):
 garbage-first heap   total 262144K, used 208154K [0x00000000e0000000, 0x0000000100000000)
  region size 1024K, 130 young (133120K), 16 survivors (16384K)
 Metaspace       used 69425K, capacity 71579K, committed 72020K, reserved 317440K
  class space    used 8227K, capacity 9029K, committed 9088K, reserved 253952K
}
Event: 100615,939 GC heap after
{Heap after GC invocations=212 (full 0):
 garbage-first heap   total 262144K, used 97468K [0x00000000e0000000, 0x0000000100000000)
  region size 1024K, 9 young (9216K), 9 survivors (9216K)
 Metaspace       used 69425K, capacity 71579K, committed 72020K, reserved 317440K
  class space    used 8227K, capacity 9029K, committed 9088K, reserved 253952K
}
Event: 100615,945 GC heap before
{Heap before GC invocations=212 (full 0):
 garbage-first heap   total 262144K, used 99516K [0x00000000e0000000, 0x0000000100000000)
  region size 1024K, 12 young (12288K), 9 survivors (9216K)
 Metaspace       used 69425K, capacity 71579K, committed 72020K, reserved 317440K
  class space    used 8227K, capacity 9029K, committed 9088K, reserved 253952K
}
Event: 100615,967 GC heap after
{Heap after GC invocations=213 (full 0):
 garbage-first heap   total 262144K, used 85848K [0x00000000e0000000, 0x0000000100000000)
  region size 1024K, 2 young (2048K), 2 survivors (2048K)
 Metaspace       used 69425K, capacity 71579K, committed 72020K, reserved 317440K
  class space    used 8227K, capacity 9029K, committed 9088K, reserved 253952K
}
Event: 100616,097 GC heap before
{Heap before GC invocations=213 (full 0):
 garbage-first heap   total 262144K, used 173912K [0x00000000e0000000, 0x0000000100000000)
  region size 1024K, 89 young (91136K), 2 survivors (2048K)
 Metaspace       used 69428K, capacity 71579K, committed 72020K, reserved 317440K
  class space    used 8227K, capacity 9029K, committed 9088K, reserved 253952K
}
Event: 100616,114 GC heap after
{Heap after GC invocations=214 (full 0):
 garbage-first heap   total 262144K, used 90217K [0x00000000e0000000, 0x0000000100000000)
  region size 1024K, 6 young (6144K), 6 survivors (6144K)
 Metaspace       used 69428K, capacity 71579K, committed 72020K, reserved 317440K
  class space    used 8227K, capacity 9029K, committed 9088K, reserved 253952K
}
Event: 100616,338 GC heap before
{Heap before GC invocations=214 (full 0):
 garbage-first heap   total 262144K, used 209001K [0x00000000e0000000, 0x0000000100000000)
  region size 1024K, 122 young (124928K), 6 survivors (6144K)
 Metaspace       used 69458K, capacity 71637K, committed 72020K, reserved 317440K
  class space    used 8226K, capacity 9028K, committed 9088K, reserved 253952K
}
Event: 100616,346 GC heap after
{Heap after GC invocations=215 (full 0):
 garbage-first heap   total 262144K, used 95883K [0x00000000e0000000, 0x0000000100000000)
  region size 1024K, 12 young (12288K), 12 survivors (12288K)
 Metaspace       used 69458K, capacity 71637K, committed 72020K, reserved 317440K
  class space    used 8226K, capacity 9028K, committed 9088K, reserved 253952K
}
Event: 100685,131 GC heap before
{Heap before GC invocations=216 (full 0):
 garbage-first heap   total 262144K, used 209547K [0x00000000e0000000, 0x0000000100000000)
  region size 1024K, 123 young (125952K), 12 survivors (12288K)
 Metaspace       used 69463K, capacity 71637K, committed 72020K, reserved 317440K
  class space    used 8226K, capacity 9028K, committed 9088K, reserved 253952K
}
Event: 100685,147 GC heap after
{Heap after GC invocations=217 (full 0):
 garbage-first heap   total 262144K, used 96462K [0x00000000e0000000, 0x0000000100000000)
  region size 1024K, 9 young (9216K), 9 survivors (9216K)
 Metaspace       used 69463K, capacity 71637K, committed 72020K, reserved 317440K
  class space    used 8226K, capacity 9028K, committed 9088K, reserved 253952K
}
Event: 100685,155 GC heap before
{Heap before GC invocations=217 (full 0):
 garbage-first heap   total 262144K, used 99534K [0x00000000e0000000, 0x0000000100000000)
  region size 1024K, 12 young (12288K), 9 survivors (9216K)
 Metaspace       used 69463K, capacity 71637K, committed 72020K, reserved 317440K
  class space    used 8226K, capacity 9028K, committed 9088K, reserved 253952K
}
Event: 100685,166 GC heap after
{Heap after GC invocations=218 (full 0):
 garbage-first heap   total 262144K, used 78446K [0x00000000e0000000, 0x0000000100000000)
  region size 1024K, 1 young (1024K), 1 survivors (1024K)
 Metaspace       used 69463K, capacity 71637K, committed 72020K, reserved 317440K
  class space    used 8226K, capacity 9028K, committed 9088K, reserved 253952K
}
Event: 100685,266 GC heap before
{Heap before GC invocations=218 (full 0):
 garbage-first heap   total 262144K, used 153198K [0x00000000e0000000, 0x0000000100000000)
  region size 1024K, 75 young (76800K), 1 survivors (1024K)
 Metaspace       used 69468K, capacity 71637K, committed 72020K, reserved 317440K
  class space    used 8226K, capacity 9028K, committed 9088K, reserved 253952K
}
Event: 100685,278 GC heap after
{Heap after GC invocations=219 (full 0):
 garbage-first heap   total 262144K, used 82542K [0x00000000e0000000, 0x0000000100000000)
  region size 1024K, 5 young (5120K), 5 survivors (5120K)
 Metaspace       used 69468K, capacity 71637K, committed 72020K, reserved 317440K
  class space    used 8226K, capacity 9028K, committed 9088K, reserved 253952K
}
Event: 100691,058 GC heap before
{Heap before GC invocations=220 (full 0):
 garbage-first heap   total 262144K, used 196206K [0x00000000e0000000, 0x0000000100000000)
  region size 1024K, 121 young (123904K), 5 survivors (5120K)
 Metaspace       used 69521K, capacity 71722K, committed 72020K, reserved 317440K
  class space    used 8229K, capacity 9032K, committed 9088K, reserved 253952K
}
Event: 100691,071 GC heap after
{Heap after GC invocations=221 (full 0):
 garbage-first heap   total 262144K, used 83193K [0x00000000e0000000, 0x0000000100000000)
  region size 1024K, 11 young (11264K), 11 survivors (11264K)
 Metaspace       used 69521K, capacity 71722K, committed 72020K, reserved 317440K
  class space    used 8229K, capacity 9032K, committed 9088K, reserved 253952K
}
Event: 100691,073 GC heap before
{Heap before GC invocations=221 (full 0):
 garbage-first heap   total 262144K, used 84217K [0x00000000e0000000, 0x0000000100000000)
  region size 1024K, 12 young (12288K), 11 survivors (11264K)
 Metaspace       used 69521K, capacity 71722K, committed 72020K, reserved 317440K
  class space    used 8229K, capacity 9032K, committed 9088K, reserved 253952K
}

