# JRE version: OpenJDK Runtime Environment (11.0.6+10) (build 11.0.6+10)
# Java VM: OpenJDK 64-Bit Server VM (11.0.6+10, mixed mode, tiered, compressed oops, g1 gc, linux-amd64)
Heap:
 garbage-first heap   total 394240K, used 271388K [0x00000000e0000000, 0x0000000100000000)
  region size 1024K, 21 young (21504K), 4 survivors (4096K)
 Metaspace       used 65221K, capacity 66890K, committed 67616K, reserved 313344K
  class space    used 7970K, capacity 8587K, committed 8780K, reserved 253952K
GC Heap History (20 events):
Event: 343,483 GC heap after
{Heap after GC invocations=21 (full 0):
 garbage-first heap   total 262144K, used 89082K [0x00000000e0000000, 0x0000000100000000)
  region size 1024K, 8 young (8192K), 8 survivors (8192K)
 Metaspace       used 64261K, capacity 65946K, committed 66336K, reserved 313344K
  class space    used 8009K, capacity 8667K, committed 8780K, reserved 253952K
}
Event: 343,622 GC heap before
{Heap before GC invocations=21 (full 0):
 garbage-first heap   total 262144K, used 206842K [0x00000000e0000000, 0x0000000100000000)
  region size 1024K, 122 young (124928K), 8 survivors (8192K)
 Metaspace       used 64357K, capacity 66157K, committed 66336K, reserved 313344K
  class space    used 8011K, capacity 8670K, committed 8780K, reserved 253952K
}
Event: 343,632 GC heap after
{Heap after GC invocations=22 (full 0):
 garbage-first heap   total 262144K, used 93095K [0x00000000e0000000, 0x0000000100000000)
  region size 1024K, 11 young (11264K), 11 survivors (11264K)
 Metaspace       used 64357K, capacity 66157K, committed 66336K, reserved 313344K
  class space    used 8011K, capacity 8670K, committed 8780K, reserved 253952K
}
Event: 374,085 GC heap before
{Heap before GC invocations=22 (full 0):
 garbage-first heap   total 262144K, used 206759K [0x00000000e0000000, 0x0000000100000000)
  region size 1024K, 123 young (125952K), 11 survivors (11264K)
 Metaspace       used 64729K, capacity 66492K, committed 66848K, reserved 313344K
  class space    used 8014K, capacity 8672K, committed 8780K, reserved 253952K
}
Event: 374,108 GC heap after
{Heap after GC invocations=23 (full 0):
 garbage-first heap   total 262144K, used 103728K [0x00000000e0000000, 0x0000000100000000)
  region size 1024K, 16 young (16384K), 16 survivors (16384K)
 Metaspace       used 64729K, capacity 66492K, committed 66848K, reserved 313344K
  class space    used 8014K, capacity 8672K, committed 8780K, reserved 253952K
}
Event: 374,276 GC heap before
{Heap before GC invocations=23 (full 0):
 garbage-first heap   total 262144K, used 207152K [0x00000000e0000000, 0x0000000100000000)
  region size 1024K, 117 young (119808K), 16 survivors (16384K)
 Metaspace       used 64759K, capacity 66557K, committed 66848K, reserved 313344K
  class space    used 8014K, capacity 8672K, committed 8780K, reserved 253952K
}
Event: 374,293 GC heap after
{Heap after GC invocations=24 (full 0):
 garbage-first heap   total 262144K, used 100393K [0x00000000e0000000, 0x0000000100000000)
  region size 1024K, 5 young (5120K), 5 survivors (5120K)
 Metaspace       used 64759K, capacity 66557K, committed 66848K, reserved 313344K
  class space    used 8014K, capacity 8672K, committed 8780K, reserved 253952K
}
Event: 374,391 GC heap before
{Heap before GC invocations=24 (full 0):
 garbage-first heap   total 262144K, used 209961K [0x00000000e0000000, 0x0000000100000000)
  region size 1024K, 111 young (113664K), 5 survivors (5120K)
 Metaspace       used 64832K, capacity 66623K, committed 66848K, reserved 313344K
  class space    used 8014K, capacity 8672K, committed 8780K, reserved 253952K
}
Event: 374,410 GC heap after
{Heap after GC invocations=25 (full 0):
 garbage-first heap   total 262144K, used 106645K [0x00000000e0000000, 0x0000000100000000)
  region size 1024K, 10 young (10240K), 10 survivors (10240K)
 Metaspace       used 64832K, capacity 66623K, committed 66848K, reserved 313344K
  class space    used 8014K, capacity 8672K, committed 8780K, reserved 253952K
}
Event: 451,912 GC heap before
{Heap before GC invocations=25 (full 0):
 garbage-first heap   total 262144K, used 210069K [0x00000000e0000000, 0x0000000100000000)
  region size 1024K, 112 young (114688K), 10 survivors (10240K)
 Metaspace       used 65066K, capacity 66870K, committed 67104K, reserved 313344K
  class space    used 8020K, capacity 8683K, committed 8780K, reserved 253952K
}
Event: 451,933 GC heap after
{Heap after GC invocations=26 (full 0):
 garbage-first heap   total 262144K, used 117386K [0x00000000e0000000, 0x0000000100000000)
  region size 1024K, 14 young (14336K), 14 survivors (14336K)
 Metaspace       used 65066K, capacity 66870K, committed 67104K, reserved 313344K
  class space    used 8020K, capacity 8683K, committed 8780K, reserved 253952K
}
Event: 452,074 GC heap before
{Heap before GC invocations=26 (full 0):
 garbage-first heap   total 262144K, used 209546K [0x00000000e0000000, 0x0000000100000000)
  region size 1024K, 104 young (106496K), 14 survivors (14336K)
 Metaspace       used 65107K, capacity 66934K, committed 67104K, reserved 313344K
  class space    used 8020K, capacity 8683K, committed 8780K, reserved 253952K
}
Event: 452,089 GC heap after
{Heap after GC invocations=27 (full 0):
 garbage-first heap   total 262144K, used 117171K [0x00000000e0000000, 0x0000000100000000)
  region size 1024K, 5 young (5120K), 5 survivors (5120K)
 Metaspace       used 65107K, capacity 66934K, committed 67104K, reserved 313344K
  class space    used 8020K, capacity 8683K, committed 8780K, reserved 253952K
}
Event: 481,002 GC heap before
{Heap before GC invocations=27 (full 0):
 garbage-first heap   total 262144K, used 211379K [0x00000000e0000000, 0x0000000100000000)
  region size 1024K, 98 young (100352K), 5 survivors (5120K)
 Metaspace       used 65309K, capacity 67092K, committed 67360K, reserved 313344K
  class space    used 8022K, capacity 8687K, committed 8780K, reserved 253952K
}
Event: 481,011 GC heap after
{Heap after GC invocations=28 (full 0):
 garbage-first heap   total 262144K, used 124339K [0x00000000e0000000, 0x0000000100000000)
  region size 1024K, 12 young (12288K), 12 survivors (12288K)
 Metaspace       used 65309K, capacity 67092K, committed 67360K, reserved 313344K
  class space    used 8022K, capacity 8687K, committed 8780K, reserved 253952K
}
Event: 481,151 GC heap before
{Heap before GC invocations=28 (full 0):
 garbage-first heap   total 262144K, used 213427K [0x00000000e0000000, 0x0000000100000000)
  region size 1024K, 99 young (101376K), 12 survivors (12288K)
 Metaspace       used 65316K, capacity 67093K, committed 67360K, reserved 313344K
  class space    used 8022K, capacity 8687K, committed 8780K, reserved 253952K
}
Event: 481,160 GC heap after
{Heap after GC invocations=29 (full 0):
 garbage-first heap   total 262144K, used 129230K [0x00000000e0000000, 0x0000000100000000)
  region size 1024K, 6 young (6144K), 6 survivors (6144K)
 Metaspace       used 65316K, capacity 67093K, committed 67360K, reserved 313344K
  class space    used 8022K, capacity 8687K, committed 8780K, reserved 253952K
}
Event: 902,202 GC heap before
{Heap before GC invocations=29 (full 0):
 garbage-first heap   total 262144K, used 214222K [0x00000000e0000000, 0x0000000100000000)
  region size 1024K, 90 young (92160K), 6 survivors (6144K)
 Metaspace       used 65451K, capacity 67248K, committed 67616K, reserved 313344K
  class space    used 8025K, capacity 8693K, committed 8780K, reserved 253952K
}
Event: 902,209 GC heap after
{Heap after GC invocations=30 (full 0):
 garbage-first heap   total 262144K, used 130636K [0x00000000e0000000, 0x0000000100000000)
  region size 1024K, 7 young (7168K), 7 survivors (7168K)
 Metaspace       used 65451K, capacity 67248K, committed 67616K, reserved 313344K
  class space    used 8025K, capacity 8693K, committed 8780K, reserved 253952K
}
Event: 902,438 GC heap before
{Heap before GC invocations=30 (full 0):
 garbage-first heap   total 394240K, used 269900K [0x00000000e0000000, 0x0000000100000000)
  region size 1024K, 24 young (24576K), 7 survivors (7168K)
 Metaspace       used 65221K, capacity 66890K, committed 67616K, reserved 313344K
  class space    used 7970K, capacity 8587K, committed 8780K, reserved 253952K
}

